<?xml version="1.0" encoding="utf-8"?><testsuites name="pytest tests"><testsuite name="pytest" errors="0" failures="0" skipped="0" tests="16" time="11.549" timestamp="2026-08-21T19:23:29.258266+00:00" hostname="agent-env-23b3e22f-ec1c-4568-add9-7903fc1ee2ad"><testcase classname="backend.tests.test_csv_import.TestAuthGates" name="test_import_requires_auth" time="0.414" /><testcase classname="backend.tests.test_csv_import.TestAuthGates" name="test_drafts_list_requires_auth" time="0.265" /><testcase classname="backend.tests.test_csv_import.TestCSVImport" name="test_import_shopify_csv_groups_variants" time="4.729" /><testcase classname="backend.tests.test_csv_import.TestCSVImport" name="test_created_drafts_grouped_correctly" time="0.559" /><testcase classname="backend.tests.test_csv_import.TestCSVImport" name="test_drafts_hidden_from_public_list" time="0.237" /><testcase classname="backend.tests.test_csv_import.TestCSVImport" name="test_draft_detail_404_for_anon" time="0.263" /><testcase classname="backend.tests.test_csv_import.TestCSVImport" name="test_draft_detail_visible_to_owning_brand" time="0.243" /><testcase classname="backend.tests.test_csv_import.TestCSVImport" name="test_checkout_on_draft_returns_404" time="0.584" /><testcase classname="backend.tests.test_csv_import.TestPublish" name="test_publish_valid_draft" time="0.425" /><testcase classname="backend.tests.test_csv_import.TestPublish" name="test_published_appears_in_public_list" time="0.214" /><testcase classname="backend.tests.test_csv_import.TestPublish" name="test_publish_all_returns_skipped_details" time="1.231" /><testcase classname="backend.tests.test_csv_import.TestPublish" name="test_publish_nonexistent_returns_404" time="0.266" /><testcase classname="backend.tests.test_csv_import.TestCapsAndValidation" name="test_empty_csv_rejected" time="0.307" /><testcase classname="backend.tests.test_csv_import.TestCapsAndValidation" name="test_only_header_csv_rejected" time="0.241" /><testcase classname="backend.tests.test_csv_import.TestCapsAndValidation" name="test_oversize_csv_rejected" time="0.646" /><testcase classname="backend.tests.test_csv_import.TestBackwardCompat" name="test_products_without_status_field_still_visible" time="0.900" /></testsuite></testsuites>