<?xml version="1.0" encoding="utf-8"?><testsuites name="pytest tests"><testsuite name="pytest" errors="0" failures="1" skipped="0" tests="6" time="4.379" timestamp="2026-07-19T13:47:13.634891+00:00" hostname="agent-env-23b3e22f-ec1c-4568-add9-7903fc1ee2ad"><testcase classname="backend.tests.test_fixes_iter11.TestFix1DisputeRefund" name="test_refund_stays_open_when_no_stripe_key" time="1.253" /><testcase classname="backend.tests.test_fixes_iter11" name="test_fix2_gdpr_delete_cascade" time="0.525"><failure message="AssertionError: {&quot;detail&quot;:[{&quot;type&quot;:&quot;missing&quot;,&quot;loc&quot;:[&quot;body&quot;,&quot;recipient_id&quot;],&quot;msg&quot;:&quot;Field required&quot;,&quot;input&quot;:{&quot;recipient_brand_id&quot;:&quot;6a46ca8929f8d1b8081c4697&quot;,&quot;product_id&quot;:&quot;6a46ca8929f8d1b8081c4698&quot;,&quot;content&quot;:&quot;Hi is this still available for shipping to London?&quot;},&quot;url&quot;:&quot;https://errors.pydantic.dev/2.12/v/missing&quot;}]}&#10;assert 422 == 200&#10; +  where 422 = &lt;Response [422]&gt;.status_code">backend/tests/test_fixes_iter11.py:220: in test_fix2_gdpr_delete_cascade
    asyncio.get_event_loop().run_until_complete(_run(db))
/usr/local/lib/python3.11/asyncio/base_events.py:654: in run_until_complete
    return future.result()
           ^^^^^^^^^^^^^^^
backend/tests/test_fixes_iter11.py:189: in _run
    assert r.status_code == 200, r.text
E   AssertionError: {"detail":[{"type":"missing","loc":["body","recipient_id"],"msg":"Field required","input":{"recipient_brand_id":"6a46ca8929f8d1b8081c4697","product_id":"6a46ca8929f8d1b8081c4698","content":"Hi is this still available for shipping to London?"},"url":"https://errors.pydantic.dev/2.12/v/missing"}]}
E   assert 422 == 200
E    +  where 422 = &lt;Response [422]&gt;.status_code</failure></testcase><testcase classname="backend.tests.test_fixes_iter11" name="test_fix2_export_includes_conversations" time="0.381" /><testcase classname="backend.tests.test_fixes_iter11" name="test_fix3_reconcile_endpoint" time="0.384" /><testcase classname="backend.tests.test_fixes_iter11" name="test_fix3_scheduler_symbols_import" time="0.290" /><testcase classname="backend.tests.test_fixes_iter11" name="test_fix4_referral_settle_paid_order" time="1.349" /></testsuite></testsuites>