<?xml version="1.0" encoding="utf-8"?><testsuites name="pytest tests"><testsuite name="pytest" errors="0" failures="0" skipped="0" tests="14" time="11.824" timestamp="2026-08-25T20:34:09.733158+00:00" hostname="agent-env-23b3e22f-ec1c-4568-add9-7903fc1ee2ad"><testcase classname="backend.tests.test_iter19_client_cache_bust" name="test_botw_accepts_cachebust_query_param" time="0.602" /><testcase classname="backend.tests.test_iter19_client_cache_bust" name="test_botw_no_store_header_with_query_param" time="0.412" /><testcase classname="backend.tests.test_iter19_client_cache_bust" name="test_botw_tolerates_weird_query_params[t=0]" time="0.480" /><testcase classname="backend.tests.test_iter19_client_cache_bust" name="test_botw_tolerates_weird_query_params[t=abc]" time="0.359" /><testcase classname="backend.tests.test_iter19_client_cache_bust" name="test_botw_tolerates_weird_query_params[t=9999999999999999999999999999999999999999]" time="0.381" /><testcase classname="backend.tests.test_iter19_client_cache_bust" name="test_botw_tolerates_weird_query_params[t=&amp;t=2&amp;foo=bar]" time="0.418" /><testcase classname="backend.tests.test_iter19_client_cache_bust" name="test_botw_submit_approve_roundtrip" time="1.920" /><testcase classname="backend.tests.test_iter19_client_cache_bust" name="test_admin_botw_queue_still_reachable" time="0.638" /><testcase classname="backend.tests.test_iter19_client_cache_bust" name="test_admin_botw_control_endpoints_bad_id[/admin/botw/rotate]" time="2.844" /><testcase classname="backend.tests.test_iter19_client_cache_bust" name="test_admin_botw_control_endpoints_bad_id[/admin/botw/skip]" time="0.979" /><testcase classname="backend.tests.test_iter19_client_cache_bust" name="test_admin_botw_control_endpoints_bad_id[/admin/botw/veto]" time="0.790" /><testcase classname="backend.tests.test_iter19_client_cache_bust" name="test_csv_import_ssrf_blocked[http://169.254.169.254/latest/meta-data/]" time="0.606" /><testcase classname="backend.tests.test_iter19_client_cache_bust" name="test_csv_import_ssrf_blocked[http://localhost:8001/api/brands]" time="0.655" /><testcase classname="backend.tests.test_iter19_client_cache_bust" name="test_csv_import_ssrf_blocked[http://127.0.0.1/]" time="0.708" /></testsuite></testsuites>