<?xml version="1.0" encoding="utf-8"?><testsuites name="pytest tests"><testsuite name="pytest" errors="0" failures="0" skipped="0" tests="10" time="4.790" timestamp="2026-07-26T13:03:35.236000+00:00" hostname="agent-env-23b3e22f-ec1c-4568-add9-7903fc1ee2ad"><testcase classname="backend.tests.test_iter13_email_and_magicbytes" name="test_upload_image_real_png_succeeds" time="1.100" /><testcase classname="backend.tests.test_iter13_email_and_magicbytes" name="test_upload_image_real_webp_succeeds" time="0.510" /><testcase classname="backend.tests.test_iter13_email_and_magicbytes" name="test_upload_image_fake_png_html_bytes_rejected" time="0.045" /><testcase classname="backend.tests.test_iter13_email_and_magicbytes" name="test_upload_image_fake_jpeg_text_bytes_rejected" time="0.046" /><testcase classname="backend.tests.test_iter13_email_and_magicbytes" name="test_upload_image_wrong_mime_still_rejected" time="0.086" /><testcase classname="backend.tests.test_iter13_email_and_magicbytes" name="test_upload_image_webp_truncated_rejected" time="0.046" /><testcase classname="backend.tests.test_iter13_email_and_magicbytes" name="test_upload_brand_logo_fake_image_rejected" time="0.360" /><testcase classname="backend.tests.test_iter13_email_and_magicbytes" name="test_upload_brand_banner_fake_image_rejected" time="0.083" /><testcase classname="backend.tests.test_iter13_email_and_magicbytes" name="test_brand_apply_pending_invokes_application_email_helper" time="1.897" /><testcase classname="backend.tests.test_iter13_email_and_magicbytes" name="test_brand_apply_response_shape_unchanged" time="0.549" /></testsuite></testsuites>