<?xml version="1.0" encoding="utf-8"?><testsuites name="pytest tests"><testsuite name="pytest" errors="0" failures="0" skipped="0" tests="43" time="5.856" timestamp="2026-07-19T13:27:39.904116+00:00" hostname="agent-env-23b3e22f-ec1c-4568-add9-7903fc1ee2ad"><testcase classname="backend.tests.test_split_regression" name="test_register_new_buyer_then_login" time="0.823" /><testcase classname="backend.tests.test_split_regression" name="test_login_wrong_password_401" time="0.324" /><testcase classname="backend.tests.test_split_regression" name="test_auth_me_demo" time="0.367" /><testcase classname="backend.tests.test_split_regression" name="test_account_export_demo" time="0.050" /><testcase classname="backend.tests.test_split_regression" name="test_products_filters" time="0.566" /><testcase classname="backend.tests.test_split_regression" name="test_categories" time="0.099" /><testcase classname="backend.tests.test_split_regression" name="test_products_filter_options" time="0.097" /><testcase classname="backend.tests.test_split_regression" name="test_product_detail" time="0.208" /><testcase classname="backend.tests.test_split_regression" name="test_dead_stock_list" time="0.099" /><testcase classname="backend.tests.test_split_regression" name="test_dead_stock_quota_as_brand" time="0.048" /><testcase classname="backend.tests.test_split_regression" name="test_brands_list" time="0.098" /><testcase classname="backend.tests.test_split_regression" name="test_brand_of_week" time="0.100" /><testcase classname="backend.tests.test_split_regression" name="test_brand_by_slug_analytics" time="0.096" /><testcase classname="backend.tests.test_split_regression" name="test_my_application_as_brand" time="0.052" /><testcase classname="backend.tests.test_split_regression" name="test_admin_applications_pending" time="0.373" /><testcase classname="backend.tests.test_split_regression" name="test_admin_applications_approved" time="0.045" /><testcase classname="backend.tests.test_split_regression" name="test_admin_seller_cap" time="0.051" /><testcase classname="backend.tests.test_split_regression" name="test_orders_my_orders_demo" time="0.046" /><testcase classname="backend.tests.test_split_regression" name="test_orders_status_seeded" time="0.047" /><testcase classname="backend.tests.test_split_regression" name="test_brand_orders_demo" time="0.048" /><testcase classname="backend.tests.test_split_regression" name="test_shipping_couriers" time="0.094" /><testcase classname="backend.tests.test_split_regression" name="test_boost_packages" time="0.100" /><testcase classname="backend.tests.test_split_regression" name="test_stripe_webhook_unsigned_no_500" time="0.104" /><testcase classname="backend.tests.test_split_regression" name="test_connect_status" time="0.047" /><testcase classname="backend.tests.test_split_regression" name="test_connect_payouts" time="0.045" /><testcase classname="backend.tests.test_split_regression" name="test_admin_disputes_open" time="0.048" /><testcase classname="backend.tests.test_split_regression" name="test_admin_stats" time="0.048" /><testcase classname="backend.tests.test_split_regression" name="test_notifications" time="0.057" /><testcase classname="backend.tests.test_split_regression" name="test_notifications_unread" time="0.045" /><testcase classname="backend.tests.test_split_regression" name="test_admin_low_stock_digest" time="0.052" /><testcase classname="backend.tests.test_split_regression" name="test_admin_abandoned_checkout" time="0.045" /><testcase classname="backend.tests.test_split_regression" name="test_reviews_for_product" time="0.105" /><testcase classname="backend.tests.test_split_regression" name="test_wishlist_flow" time="0.186" /><testcase classname="backend.tests.test_split_regression" name="test_analytics_brand_30" time="0.051" /><testcase classname="backend.tests.test_split_regression" name="test_analytics_brand_7" time="0.049" /><testcase classname="backend.tests.test_split_regression" name="test_referral_code" time="0.049" /><testcase classname="backend.tests.test_split_regression" name="test_referral_credits" time="0.051" /><testcase classname="backend.tests.test_split_regression" name="test_conversations" time="0.055" /><testcase classname="backend.tests.test_split_regression" name="test_messages_unread" time="0.047" /><testcase classname="backend.tests.test_split_regression" name="test_community_posts_list" time="0.103" /><testcase classname="backend.tests.test_split_regression" name="test_community_post_create_comment_like" time="0.149" /><testcase classname="backend.tests.test_split_regression" name="test_upload_nonexistent_404" time="0.126" /><testcase classname="backend.tests.test_split_regression" name="test_messaging_moderation_blocks_paypal" time="0.487" /></testsuite></testsuites>