<?xml version="1.0" encoding="utf-8"?><testsuites name="pytest tests"><testsuite name="pytest" errors="0" failures="1" skipped="0" tests="6" time="1.071" timestamp="2026-07-19T13:09:04.860315+00:00" hostname="agent-env-23b3e22f-ec1c-4568-add9-7903fc1ee2ad"><testcase classname="backend.tests.test_regression" name="test_account_export_returns_json" time="0.495"><failure message="AssertionError: export status=500 body=Internal Server Error&#10;assert 500 == 200&#10; +  where 500 = &lt;Response [500]&gt;.status_code">backend/tests/test_regression.py:44: in test_account_export_returns_json
    assert r.status_code == 200, f"export status={r.status_code} body={r.text[:300]}"
E   AssertionError: export status=500 body=Internal Server Error
E   assert 500 == 200
E    +  where 500 = &lt;Response [500]&gt;.status_code</failure></testcase><testcase classname="backend.tests.test_regression" name="test_products_filter_hoodies_latest" time="0.135" /><testcase classname="backend.tests.test_regression" name="test_products_no_filter" time="0.130" /><testcase classname="backend.tests.test_regression" name="test_stripe_webhook_unsigned_no_500" time="0.103" /><testcase classname="backend.tests.test_regression" name="test_orders_list_or_status_demo" time="0.074" /><testcase classname="backend.tests.test_regression" name="test_auth_me_demo" time="0.052" /></testsuite></testsuites>