<?xml version="1.0" encoding="utf-8"?><testsuites name="pytest tests"><testsuite name="pytest" errors="15" failures="6" skipped="0" tests="72" time="10.758" timestamp="2026-07-22T15:22:43.658183+00:00" hostname="agent-env-23b3e22f-ec1c-4568-add9-7903fc1ee2ad"><testcase classname="backend.tests.test_split_regression" name="test_register_new_buyer_then_login" time="0.794" /><testcase classname="backend.tests.test_split_regression" name="test_login_wrong_password_401" time="0.355" /><testcase classname="backend.tests.test_split_regression" name="test_auth_me_demo" time="0.399" /><testcase classname="backend.tests.test_split_regression" name="test_account_export_demo" time="0.056" /><testcase classname="backend.tests.test_split_regression" name="test_products_filters" time="0.613" /><testcase classname="backend.tests.test_split_regression" name="test_categories" time="0.107" /><testcase classname="backend.tests.test_split_regression" name="test_products_filter_options" time="0.134" /><testcase classname="backend.tests.test_split_regression" name="test_product_detail" time="0.212" /><testcase classname="backend.tests.test_split_regression" name="test_dead_stock_list" time="0.126" /><testcase classname="backend.tests.test_split_regression" name="test_dead_stock_quota_as_brand" time="0.051" /><testcase classname="backend.tests.test_split_regression" name="test_brands_list" time="0.115" /><testcase classname="backend.tests.test_split_regression" name="test_brand_of_week" time="0.127" /><testcase classname="backend.tests.test_split_regression" name="test_brand_by_slug_analytics" time="0.128" /><testcase classname="backend.tests.test_split_regression" name="test_my_application_as_brand" time="0.056" /><testcase classname="backend.tests.test_split_regression" name="test_admin_applications_pending" time="0.424" /><testcase classname="backend.tests.test_split_regression" name="test_admin_applications_approved" time="0.184" /><testcase classname="backend.tests.test_split_regression" name="test_admin_seller_cap" time="0.072" /><testcase classname="backend.tests.test_split_regression" name="test_orders_my_orders_demo" time="0.052" /><testcase classname="backend.tests.test_split_regression" name="test_orders_status_seeded" time="0.052" /><testcase classname="backend.tests.test_split_regression" name="test_brand_orders_demo" time="0.051" /><testcase classname="backend.tests.test_split_regression" name="test_shipping_couriers" time="0.126" /><testcase classname="backend.tests.test_split_regression" name="test_boost_packages" time="0.125" /><testcase classname="backend.tests.test_split_regression" name="test_stripe_webhook_unsigned_no_500" time="0.122" /><testcase classname="backend.tests.test_split_regression" name="test_connect_status" time="0.057" /><testcase classname="backend.tests.test_split_regression" name="test_connect_payouts" time="0.051" /><testcase classname="backend.tests.test_split_regression" name="test_admin_disputes_open" time="0.075" /><testcase classname="backend.tests.test_split_regression" name="test_admin_stats" time="0.071" /><testcase classname="backend.tests.test_split_regression" name="test_notifications" time="0.052" /><testcase classname="backend.tests.test_split_regression" name="test_notifications_unread" time="0.056" /><testcase classname="backend.tests.test_split_regression" name="test_admin_low_stock_digest" time="0.078" /><testcase classname="backend.tests.test_split_regression" name="test_admin_abandoned_checkout" time="0.072" /><testcase classname="backend.tests.test_split_regression" name="test_reviews_for_product" time="0.120" /><testcase classname="backend.tests.test_split_regression" name="test_wishlist_flow" time="0.208" /><testcase classname="backend.tests.test_split_regression" name="test_analytics_brand_30" time="0.056" /><testcase classname="backend.tests.test_split_regression" name="test_analytics_brand_7" time="0.054" /><testcase classname="backend.tests.test_split_regression" name="test_referral_code" time="0.057" /><testcase classname="backend.tests.test_split_regression" name="test_referral_credits" time="0.061" /><testcase classname="backend.tests.test_split_regression" name="test_conversations" time="0.057" /><testcase classname="backend.tests.test_split_regression" name="test_messages_unread" time="0.057" /><testcase classname="backend.tests.test_split_regression" name="test_community_posts_list" time="0.149" /><testcase classname="backend.tests.test_split_regression" name="test_community_post_create_comment_like" time="0.162" /><testcase classname="backend.tests.test_split_regression" name="test_upload_nonexistent_404" time="0.121" /><testcase classname="backend.tests.test_split_regression" name="test_messaging_moderation_blocks_paypal" time="0.512" /><testcase classname="backend.tests.test_fixes_iter11.TestFix1DisputeRefund" name="test_refund_stays_open_when_no_stripe_key" time="0.513"><error message="failed on setup with &quot;AssertionError: login failed: 429 {&quot;error&quot;:&quot;Rate limit exceeded: 10 per 1 minute&quot;}&#10;assert 429 == 200&#10; +  where 429 = &lt;Response [429]&gt;.status_code&quot;">E   AssertionError: login failed: 429 {"error":"Rate limit exceeded: 10 per 1 minute"}
    assert 429 == 200
     +  where 429 = &lt;Response [429]&gt;.status_code</error></testcase><testcase classname="backend.tests.test_fixes_iter11" name="test_fix2_gdpr_delete_cascade" time="0.983" /><testcase classname="backend.tests.test_fixes_iter11" name="test_fix2_export_includes_conversations" time="0.112"><failure message="AssertionError: login failed: 429 {&quot;error&quot;:&quot;Rate limit exceeded: 10 per 1 minute&quot;}&#10;assert 429 == 200&#10; +  where 429 = &lt;Response [429]&gt;.status_code">E   AssertionError: login failed: 429 {"error":"Rate limit exceeded: 10 per 1 minute"}
    assert 429 == 200
     +  where 429 = &lt;Response [429]&gt;.status_code</failure></testcase><testcase classname="backend.tests.test_fixes_iter11" name="test_fix3_reconcile_endpoint" time="0.130"><failure message="AssertionError: login failed: 429 {&quot;error&quot;:&quot;Rate limit exceeded: 10 per 1 minute&quot;}&#10;assert 429 == 200&#10; +  where 429 = &lt;Response [429]&gt;.status_code">E   AssertionError: login failed: 429 {"error":"Rate limit exceeded: 10 per 1 minute"}
    assert 429 == 200
     +  where 429 = &lt;Response [429]&gt;.status_code</failure></testcase><testcase classname="backend.tests.test_fixes_iter11" name="test_fix3_scheduler_symbols_import" time="0.267" /><testcase classname="backend.tests.test_fixes_iter11" name="test_fix4_referral_settle_paid_order" time="0.143"><failure message="AssertionError: login failed: 429 {&quot;error&quot;:&quot;Rate limit exceeded: 10 per 1 minute&quot;}&#10;assert 429 == 200&#10; +  where 429 = &lt;Response [429]&gt;.status_code">E   AssertionError: login failed: 429 {"error":"Rate limit exceeded: 10 per 1 minute"}
    assert 429 == 200
     +  where 429 = &lt;Response [429]&gt;.status_code</failure></testcase><testcase classname="backend.tests.test_fixes_iter12.TestFix1ProductValidation" name="test_price_negative_422" time="0.137"><error message="failed on setup with &quot;AssertionError: Login failed for testbrand@example.com: {&quot;error&quot;:&quot;Rate limit exceeded: 10 per 1 minute&quot;}&#10;assert 429 == 200&#10; +  where 429 = &lt;Response [429]&gt;.status_code&quot;">E   AssertionError: Login failed for testbrand@example.com: {"error":"Rate limit exceeded: 10 per 1 minute"}
    assert 429 == 200
     +  where 429 = &lt;Response [429]&gt;.status_code</error></testcase><testcase classname="backend.tests.test_fixes_iter12.TestFix1ProductValidation" name="test_price_string_422" time="0.000"><error message="failed on setup with &quot;AssertionError: Login failed for testbrand@example.com: {&quot;error&quot;:&quot;Rate limit exceeded: 10 per 1 minute&quot;}&#10;assert 429 == 200&#10; +  where 429 = &lt;Response [429]&gt;.status_code&quot;">E   AssertionError: Login failed for testbrand@example.com: {"error":"Rate limit exceeded: 10 per 1 minute"}
    assert 429 == 200
     +  where 429 = &lt;Response [429]&gt;.status_code</error></testcase><testcase classname="backend.tests.test_fixes_iter12.TestFix1ProductValidation" name="test_stock_negative_422" time="0.000"><error message="failed on setup with &quot;AssertionError: Login failed for testbrand@example.com: {&quot;error&quot;:&quot;Rate limit exceeded: 10 per 1 minute&quot;}&#10;assert 429 == 200&#10; +  where 429 = &lt;Response [429]&gt;.status_code&quot;">E   AssertionError: Login failed for testbrand@example.com: {"error":"Rate limit exceeded: 10 per 1 minute"}
    assert 429 == 200
     +  where 429 = &lt;Response [429]&gt;.status_code</error></testcase><testcase classname="backend.tests.test_fixes_iter12.TestFix1ProductValidation" name="test_gender_invalid_422" time="0.000"><error message="failed on setup with &quot;AssertionError: Login failed for testbrand@example.com: {&quot;error&quot;:&quot;Rate limit exceeded: 10 per 1 minute&quot;}&#10;assert 429 == 200&#10; +  where 429 = &lt;Response [429]&gt;.status_code&quot;">E   AssertionError: Login failed for testbrand@example.com: {"error":"Rate limit exceeded: 10 per 1 minute"}
    assert 429 == 200
     +  where 429 = &lt;Response [429]&gt;.status_code</error></testcase><testcase classname="backend.tests.test_fixes_iter12.TestFix1ProductValidation" name="test_name_too_short_422" time="0.000"><error message="failed on setup with &quot;AssertionError: Login failed for testbrand@example.com: {&quot;error&quot;:&quot;Rate limit exceeded: 10 per 1 minute&quot;}&#10;assert 429 == 200&#10; +  where 429 = &lt;Response [429]&gt;.status_code&quot;">E   AssertionError: Login failed for testbrand@example.com: {"error":"Rate limit exceeded: 10 per 1 minute"}
    assert 429 == 200
     +  where 429 = &lt;Response [429]&gt;.status_code</error></testcase><testcase classname="backend.tests.test_fixes_iter12.TestFix1ProductValidation" name="test_description_too_short_422" time="0.000"><error message="failed on setup with &quot;AssertionError: Login failed for testbrand@example.com: {&quot;error&quot;:&quot;Rate limit exceeded: 10 per 1 minute&quot;}&#10;assert 429 == 200&#10; +  where 429 = &lt;Response [429]&gt;.status_code&quot;">E   AssertionError: Login failed for testbrand@example.com: {"error":"Rate limit exceeded: 10 per 1 minute"}
    assert 429 == 200
     +  where 429 = &lt;Response [429]&gt;.status_code</error></testcase><testcase classname="backend.tests.test_fixes_iter12.TestFix1ProductValidation" name="test_sizes_empty_422" time="0.000"><error message="failed on setup with &quot;AssertionError: Login failed for testbrand@example.com: {&quot;error&quot;:&quot;Rate limit exceeded: 10 per 1 minute&quot;}&#10;assert 429 == 200&#10; +  where 429 = &lt;Response [429]&gt;.status_code&quot;">E   AssertionError: Login failed for testbrand@example.com: {"error":"Rate limit exceeded: 10 per 1 minute"}
    assert 429 == 200
     +  where 429 = &lt;Response [429]&gt;.status_code</error></testcase><testcase classname="backend.tests.test_fixes_iter12.TestFix1ProductValidation" name="test_images_empty_422" time="0.000"><error message="failed on setup with &quot;AssertionError: Login failed for testbrand@example.com: {&quot;error&quot;:&quot;Rate limit exceeded: 10 per 1 minute&quot;}&#10;assert 429 == 200&#10; +  where 429 = &lt;Response [429]&gt;.status_code&quot;">E   AssertionError: Login failed for testbrand@example.com: {"error":"Rate limit exceeded: 10 per 1 minute"}
    assert 429 == 200
     +  where 429 = &lt;Response [429]&gt;.status_code</error></testcase><testcase classname="backend.tests.test_fixes_iter12.TestFix1ProductValidation" name="test_condition_invalid_422" time="0.000"><error message="failed on setup with &quot;AssertionError: Login failed for testbrand@example.com: {&quot;error&quot;:&quot;Rate limit exceeded: 10 per 1 minute&quot;}&#10;assert 429 == 200&#10; +  where 429 = &lt;Response [429]&gt;.status_code&quot;">E   AssertionError: Login failed for testbrand@example.com: {"error":"Rate limit exceeded: 10 per 1 minute"}
    assert 429 == 200
     +  where 429 = &lt;Response [429]&gt;.status_code</error></testcase><testcase classname="backend.tests.test_fixes_iter12.TestFix1ProductValidation" name="test_put_negative_price_422" time="0.000"><error message="failed on setup with &quot;AssertionError: Login failed for testbrand@example.com: {&quot;error&quot;:&quot;Rate limit exceeded: 10 per 1 minute&quot;}&#10;assert 429 == 200&#10; +  where 429 = &lt;Response [429]&gt;.status_code&quot;">E   AssertionError: Login failed for testbrand@example.com: {"error":"Rate limit exceeded: 10 per 1 minute"}
    assert 429 == 200
     +  where 429 = &lt;Response [429]&gt;.status_code</error></testcase><testcase classname="backend.tests.test_fixes_iter12.TestFix1ProductValidation" name="test_put_string_price_422" time="0.000"><error message="failed on setup with &quot;AssertionError: Login failed for testbrand@example.com: {&quot;error&quot;:&quot;Rate limit exceeded: 10 per 1 minute&quot;}&#10;assert 429 == 200&#10; +  where 429 = &lt;Response [429]&gt;.status_code&quot;">E   AssertionError: Login failed for testbrand@example.com: {"error":"Rate limit exceeded: 10 per 1 minute"}
    assert 429 == 200
     +  where 429 = &lt;Response [429]&gt;.status_code</error></testcase><testcase classname="backend.tests.test_fixes_iter12.TestFix1ProductValidation" name="test_put_valid_price_200_and_persisted" time="0.000"><error message="failed on setup with &quot;AssertionError: Login failed for testbrand@example.com: {&quot;error&quot;:&quot;Rate limit exceeded: 10 per 1 minute&quot;}&#10;assert 429 == 200&#10; +  where 429 = &lt;Response [429]&gt;.status_code&quot;">E   AssertionError: Login failed for testbrand@example.com: {"error":"Rate limit exceeded: 10 per 1 minute"}
    assert 429 == 200
     +  where 429 = &lt;Response [429]&gt;.status_code</error></testcase><testcase classname="backend.tests.test_fixes_iter12.TestFix1ProductValidation" name="test_put_by_other_brand_403" time="0.000"><error message="failed on setup with &quot;AssertionError: Login failed for testbrand@example.com: {&quot;error&quot;:&quot;Rate limit exceeded: 10 per 1 minute&quot;}&#10;assert 429 == 200&#10; +  where 429 = &lt;Response [429]&gt;.status_code&quot;">E   AssertionError: Login failed for testbrand@example.com: {"error":"Rate limit exceeded: 10 per 1 minute"}
    assert 429 == 200
     +  where 429 = &lt;Response [429]&gt;.status_code</error></testcase><testcase classname="backend.tests.test_fixes_iter12.TestFix1ProductValidation" name="test_full_lifecycle_delete" time="0.000"><error message="failed on setup with &quot;AssertionError: Login failed for testbrand@example.com: {&quot;error&quot;:&quot;Rate limit exceeded: 10 per 1 minute&quot;}&#10;assert 429 == 200&#10; +  where 429 = &lt;Response [429]&gt;.status_code&quot;">E   AssertionError: Login failed for testbrand@example.com: {"error":"Rate limit exceeded: 10 per 1 minute"}
    assert 429 == 200
     +  where 429 = &lt;Response [429]&gt;.status_code</error></testcase><testcase classname="backend.tests.test_fixes_iter12" name="test_fix1_referral_apply_too_short_422" time="0.112"><failure message="AssertionError: Login failed for demo@threadandbone.uk: {&quot;error&quot;:&quot;Rate limit exceeded: 10 per 1 minute&quot;}&#10;assert 429 == 200&#10; +  where 429 = &lt;Response [429]&gt;.status_code">E   AssertionError: Login failed for demo@threadandbone.uk: {"error":"Rate limit exceeded: 10 per 1 minute"}
    assert 429 == 200
     +  where 429 = &lt;Response [429]&gt;.status_code</failure></testcase><testcase classname="backend.tests.test_fixes_iter12" name="test_fix1_brand_profile_desc_too_long_422" time="0.145"><failure message="AssertionError: Login failed for demo@threadandbone.uk: {&quot;error&quot;:&quot;Rate limit exceeded: 10 per 1 minute&quot;}&#10;assert 429 == 200&#10; +  where 429 = &lt;Response [429]&gt;.status_code">E   AssertionError: Login failed for demo@threadandbone.uk: {"error":"Rate limit exceeded: 10 per 1 minute"}
    assert 429 == 200
     +  where 429 = &lt;Response [429]&gt;.status_code</failure></testcase><testcase classname="backend.tests.test_fixes_iter12" name="test_fix2_oversell_guard" time="0.550"><failure message="AssertionError: Login failed for Anthonygeorgiades@unveiledthreads.co.uk: {&quot;error&quot;:&quot;Rate limit exceeded: 10 per 1 minute&quot;}&#10;assert 429 == 200&#10; +  where 429 = &lt;Response [429]&gt;.status_code">E   AssertionError: Login failed for Anthonygeorgiades@unveiledthreads.co.uk: {"error":"Rate limit exceeded: 10 per 1 minute"}
    assert 429 == 200
     +  where 429 = &lt;Response [429]&gt;.status_code</failure></testcase><testcase classname="backend.tests.test_fixes_iter12" name="test_fix3_register_password_too_short_422" time="0.105" /><testcase classname="backend.tests.test_fixes_iter12" name="test_fix3_register_valid_and_reset_flow" time="0.770" /><testcase classname="backend.tests.test_fixes_iter12" name="test_fix4_receipt_email_escapes" time="0.001" /><testcase classname="backend.tests.test_fixes_iter12" name="test_fix4_shipped_email_escapes" time="0.002" /><testcase classname="backend.tests.test_fixes_iter12" name="test_fix4_create_notification_escapes" time="0.002" /><testcase classname="backend.tests.test_fixes_iter12" name="test_fix4_normal_strings_pass_unchanged" time="0.001" /></testsuite></testsuites>