<?xml version="1.0" encoding="utf-8"?><testsuites name="pytest tests"><testsuite name="pytest" errors="0" failures="0" skipped="0" tests="8" time="7.442" timestamp="2026-08-25T20:15:46.958907+00:00" hostname="agent-env-23b3e22f-ec1c-4568-add9-7903fc1ee2ad"><testcase classname="backend.tests.test_iter18_botw_cache" name="test_brand_of_week_has_no_store_header" time="0.447" /><testcase classname="backend.tests.test_iter18_botw_cache" name="test_brand_of_week_head_no_store" time="0.423" /><testcase classname="backend.tests.test_iter18_botw_cache" name="test_botw_submit_approve_and_reflected_in_get" time="1.928" /><testcase classname="backend.tests.test_iter18_botw_cache" name="test_reject_removes_pending_and_no_featured_change" time="2.039" /><testcase classname="backend.tests.test_iter18_botw_cache" name="test_admin_botw_queue_reachable" time="0.676" /><testcase classname="backend.tests.test_iter18_botw_cache" name="test_csv_import_ssrf_blocked[http://169.254.169.254/latest/meta-data/]" time="0.699" /><testcase classname="backend.tests.test_iter18_botw_cache" name="test_csv_import_ssrf_blocked[http://localhost:8001/api/brands]" time="0.596" /><testcase classname="backend.tests.test_iter18_botw_cache" name="test_csv_import_ssrf_blocked[http://127.0.0.1/]" time="0.604" /></testsuite></testsuites>