<?xml version="1.0" encoding="utf-8"?><testsuites name="pytest tests"><testsuite name="pytest" errors="0" failures="0" skipped="0" tests="49" time="13.224" timestamp="2026-07-22T15:19:48.378342+00:00" hostname="agent-env-23b3e22f-ec1c-4568-add9-7903fc1ee2ad"><testcase classname="backend.tests.test_split_regression" name="test_register_new_buyer_then_login" time="0.966" /><testcase classname="backend.tests.test_split_regression" name="test_login_wrong_password_401" time="0.463" /><testcase classname="backend.tests.test_split_regression" name="test_auth_me_demo" time="0.456" /><testcase classname="backend.tests.test_split_regression" name="test_account_export_demo" time="0.070" /><testcase classname="backend.tests.test_split_regression" name="test_products_filters" time="0.839" /><testcase classname="backend.tests.test_split_regression" name="test_categories" time="0.105" /><testcase classname="backend.tests.test_split_regression" name="test_products_filter_options" time="0.178" /><testcase classname="backend.tests.test_split_regression" name="test_product_detail" time="0.313" /><testcase classname="backend.tests.test_split_regression" name="test_dead_stock_list" time="0.141" /><testcase classname="backend.tests.test_split_regression" name="test_dead_stock_quota_as_brand" time="0.059" /><testcase classname="backend.tests.test_split_regression" name="test_brands_list" time="0.127" /><testcase classname="backend.tests.test_split_regression" name="test_brand_of_week" time="0.106" /><testcase classname="backend.tests.test_split_regression" name="test_brand_by_slug_analytics" time="0.139" /><testcase classname="backend.tests.test_split_regression" name="test_my_application_as_brand" time="0.072" /><testcase classname="backend.tests.test_split_regression" name="test_admin_applications_pending" time="0.375" /><testcase classname="backend.tests.test_split_regression" name="test_admin_applications_approved" time="0.046" /><testcase classname="backend.tests.test_split_regression" name="test_admin_seller_cap" time="0.048" /><testcase classname="backend.tests.test_split_regression" name="test_orders_my_orders_demo" time="0.062" /><testcase classname="backend.tests.test_split_regression" name="test_orders_status_seeded" time="0.061" /><testcase classname="backend.tests.test_split_regression" name="test_brand_orders_demo" time="0.059" /><testcase classname="backend.tests.test_split_regression" name="test_shipping_couriers" time="0.118" /><testcase classname="backend.tests.test_split_regression" name="test_boost_packages" time="0.198" /><testcase classname="backend.tests.test_split_regression" name="test_stripe_webhook_unsigned_no_500" time="0.153" /><testcase classname="backend.tests.test_split_regression" name="test_connect_status" time="0.058" /><testcase classname="backend.tests.test_split_regression" name="test_connect_payouts" time="0.058" /><testcase classname="backend.tests.test_split_regression" name="test_admin_disputes_open" time="0.046" /><testcase classname="backend.tests.test_split_regression" name="test_admin_stats" time="0.050" /><testcase classname="backend.tests.test_split_regression" name="test_notifications" time="0.061" /><testcase classname="backend.tests.test_split_regression" name="test_notifications_unread" time="0.060" /><testcase classname="backend.tests.test_split_regression" name="test_admin_low_stock_digest" time="0.046" /><testcase classname="backend.tests.test_split_regression" name="test_admin_abandoned_checkout" time="0.045" /><testcase classname="backend.tests.test_split_regression" name="test_reviews_for_product" time="0.128" /><testcase classname="backend.tests.test_split_regression" name="test_wishlist_flow" time="0.237" /><testcase classname="backend.tests.test_split_regression" name="test_analytics_brand_30" time="0.063" /><testcase classname="backend.tests.test_split_regression" name="test_analytics_brand_7" time="0.062" /><testcase classname="backend.tests.test_split_regression" name="test_referral_code" time="0.060" /><testcase classname="backend.tests.test_split_regression" name="test_referral_credits" time="0.058" /><testcase classname="backend.tests.test_split_regression" name="test_conversations" time="0.059" /><testcase classname="backend.tests.test_split_regression" name="test_messages_unread" time="0.058" /><testcase classname="backend.tests.test_split_regression" name="test_community_posts_list" time="0.108" /><testcase classname="backend.tests.test_split_regression" name="test_community_post_create_comment_like" time="0.180" /><testcase classname="backend.tests.test_split_regression" name="test_upload_nonexistent_404" time="0.104" /><testcase classname="backend.tests.test_split_regression" name="test_messaging_moderation_blocks_paypal" time="0.701" /><testcase classname="backend.tests.test_fixes_iter11.TestFix1DisputeRefund" name="test_refund_stays_open_when_no_stripe_key" time="1.146" /><testcase classname="backend.tests.test_fixes_iter11" name="test_fix2_gdpr_delete_cascade" time="1.030" /><testcase classname="backend.tests.test_fixes_iter11" name="test_fix2_export_includes_conversations" time="0.432" /><testcase classname="backend.tests.test_fixes_iter11" name="test_fix3_reconcile_endpoint" time="0.457" /><testcase classname="backend.tests.test_fixes_iter11" name="test_fix3_scheduler_symbols_import" time="0.344" /><testcase classname="backend.tests.test_fixes_iter11" name="test_fix4_referral_settle_paid_order" time="2.220" /></testsuite></testsuites>