<?xml version="1.0" encoding="utf-8"?><testsuites name="pytest tests"><testsuite name="pytest" errors="0" failures="0" skipped="0" tests="65" time="13.699" timestamp="2026-07-26T13:02:07.818784+00:00" hostname="agent-env-23b3e22f-ec1c-4568-add9-7903fc1ee2ad"><testcase classname="backend.tests.test_split_regression" name="test_register_new_buyer_then_login" time="0.830" /><testcase classname="backend.tests.test_split_regression" name="test_login_wrong_password_401" time="0.326" /><testcase classname="backend.tests.test_split_regression" name="test_auth_me_demo" time="0.363" /><testcase classname="backend.tests.test_split_regression" name="test_account_export_demo" time="0.051" /><testcase classname="backend.tests.test_split_regression" name="test_products_filters" time="0.494" /><testcase classname="backend.tests.test_split_regression" name="test_categories" time="0.122" /><testcase classname="backend.tests.test_split_regression" name="test_products_filter_options" time="0.098" /><testcase classname="backend.tests.test_split_regression" name="test_product_detail" time="0.203" /><testcase classname="backend.tests.test_split_regression" name="test_dead_stock_list" time="0.108" /><testcase classname="backend.tests.test_split_regression" name="test_dead_stock_quota_as_brand" time="0.046" /><testcase classname="backend.tests.test_split_regression" name="test_brands_list" time="0.103" /><testcase classname="backend.tests.test_split_regression" name="test_brand_of_week" time="0.100" /><testcase classname="backend.tests.test_split_regression" name="test_brand_by_slug_analytics" time="0.111" /><testcase classname="backend.tests.test_split_regression" name="test_my_application_as_brand" time="0.046" /><testcase classname="backend.tests.test_split_regression" name="test_admin_applications_pending" time="0.385" /><testcase classname="backend.tests.test_split_regression" name="test_admin_applications_approved" time="0.054" /><testcase classname="backend.tests.test_split_regression" name="test_admin_seller_cap" time="0.054" /><testcase classname="backend.tests.test_split_regression" name="test_orders_my_orders_demo" time="0.045" /><testcase classname="backend.tests.test_split_regression" name="test_orders_status_seeded" time="0.049" /><testcase classname="backend.tests.test_split_regression" name="test_brand_orders_demo" time="0.045" /><testcase classname="backend.tests.test_split_regression" name="test_shipping_couriers" time="0.099" /><testcase classname="backend.tests.test_split_regression" name="test_boost_packages" time="0.095" /><testcase classname="backend.tests.test_split_regression" name="test_stripe_webhook_unsigned_no_500" time="0.096" /><testcase classname="backend.tests.test_split_regression" name="test_connect_status" time="0.044" /><testcase classname="backend.tests.test_split_regression" name="test_connect_payouts" time="0.044" /><testcase classname="backend.tests.test_split_regression" name="test_admin_disputes_open" time="0.058" /><testcase classname="backend.tests.test_split_regression" name="test_admin_stats" time="0.056" /><testcase classname="backend.tests.test_split_regression" name="test_notifications" time="0.046" /><testcase classname="backend.tests.test_split_regression" name="test_notifications_unread" time="0.046" /><testcase classname="backend.tests.test_split_regression" name="test_admin_low_stock_digest" time="0.052" /><testcase classname="backend.tests.test_split_regression" name="test_admin_abandoned_checkout" time="0.065" /><testcase classname="backend.tests.test_split_regression" name="test_reviews_for_product" time="0.101" /><testcase classname="backend.tests.test_split_regression" name="test_wishlist_flow" time="0.179" /><testcase classname="backend.tests.test_split_regression" name="test_analytics_brand_30" time="0.047" /><testcase classname="backend.tests.test_split_regression" name="test_analytics_brand_7" time="0.046" /><testcase classname="backend.tests.test_split_regression" name="test_referral_code" time="0.048" /><testcase classname="backend.tests.test_split_regression" name="test_referral_credits" time="0.044" /><testcase classname="backend.tests.test_split_regression" name="test_conversations" time="0.086" /><testcase classname="backend.tests.test_split_regression" name="test_messages_unread" time="0.047" /><testcase classname="backend.tests.test_split_regression" name="test_community_posts_list" time="0.097" /><testcase classname="backend.tests.test_split_regression" name="test_community_post_create_comment_like" time="0.183" /><testcase classname="backend.tests.test_split_regression" name="test_upload_nonexistent_404" time="0.119" /><testcase classname="backend.tests.test_split_regression" name="test_messaging_moderation_blocks_paypal" time="0.879" /><testcase classname="backend.tests.test_password_policy" name="test_register_empty_password_returns_400" time="0.095" /><testcase classname="backend.tests.test_password_policy" name="test_register_whitespace_only_returns_400" time="0.099" /><testcase classname="backend.tests.test_password_policy" name="test_register_one_char_returns_400" time="0.101" /><testcase classname="backend.tests.test_password_policy" name="test_register_seven_char_returns_400" time="0.095" /><testcase classname="backend.tests.test_password_policy" name="test_register_common_password_returns_400[password]" time="0.107" /><testcase classname="backend.tests.test_password_policy" name="test_register_common_password_returns_400[password1]" time="0.098" /><testcase classname="backend.tests.test_password_policy" name="test_register_common_password_returns_400[iloveyou]" time="0.101" /><testcase classname="backend.tests.test_password_policy" name="test_register_common_password_returns_400[liverpool]" time="0.096" /><testcase classname="backend.tests.test_password_policy" name="test_register_common_password_returns_400[welcome1]" time="0.097" /><testcase classname="backend.tests.test_password_policy" name="test_register_common_password_returns_400[abcd1234]" time="0.099" /><testcase classname="backend.tests.test_password_policy" name="test_register_73_byte_password_returns_400" time="0.096" /><testcase classname="backend.tests.test_password_policy" name="test_register_multibyte_password_bytes_check" time="0.093" /><testcase classname="backend.tests.test_password_policy" name="test_register_valid_passphrase_succeeds" time="0.327" /><testcase classname="backend.tests.test_password_policy" name="test_reset_password_short_returns_400" time="0.098" /><testcase classname="backend.tests.test_password_policy" name="test_reset_password_common_returns_400" time="0.109" /><testcase classname="backend.tests.test_password_policy" name="test_login_with_short_wrong_password_returns_401_not_400" time="0.100" /><testcase classname="backend.tests.test_password_policy" name="test_change_password_unauthenticated_returns_401" time="0.096" /><testcase classname="backend.tests.test_password_policy" name="test_change_password_wrong_current_returns_401" time="0.926" /><testcase classname="backend.tests.test_password_policy" name="test_change_password_same_as_current_returns_400" time="0.911" /><testcase classname="backend.tests.test_password_policy" name="test_change_password_weak_new_returns_400" time="0.931" /><testcase classname="backend.tests.test_password_policy" name="test_change_password_common_new_returns_400" time="0.916" /><testcase classname="backend.tests.test_password_policy" name="test_change_password_success_flow" time="1.803" /></testsuite></testsuites>