<?xml version="1.0" encoding="utf-8"?><testsuites name="pytest tests"><testsuite name="pytest" errors="0" failures="0" skipped="0" tests="14" time="5.902" timestamp="2026-08-21T19:35:11.975344+00:00" hostname="agent-env-23b3e22f-ec1c-4568-add9-7903fc1ee2ad"><testcase classname="backend.tests.test_iter15_botw_and_bulk_delete.TestBulkDeleteDrafts" name="test_empty_ids_returns_422" time="0.862" /><testcase classname="backend.tests.test_iter15_botw_and_bulk_delete.TestBulkDeleteDrafts" name="test_all_invalid_ids_returns_400" time="0.469" /><testcase classname="backend.tests.test_iter15_botw_and_bulk_delete.TestBulkDeleteDrafts" name="test_bulk_delete_own_drafts_succeeds" time="0.562" /><testcase classname="backend.tests.test_iter15_botw_and_bulk_delete.TestBulkDeleteDrafts" name="test_bulk_delete_foreign_ids_deletes_zero" time="0.269" /><testcase classname="backend.tests.test_iter15_botw_and_bulk_delete.TestBotwAdmin" name="test_queue_requires_admin" time="0.497" /><testcase classname="backend.tests.test_iter15_botw_and_bulk_delete.TestBotwAdmin" name="test_queue_returns_expected_shape" time="0.574" /><testcase classname="backend.tests.test_iter15_botw_and_bulk_delete.TestBotwAdmin" name="test_veto_invalid_brand_id_400" time="0.273" /><testcase classname="backend.tests.test_iter15_botw_and_bulk_delete.TestBotwAdmin" name="test_veto_unknown_brand_id_404" time="0.297" /><testcase classname="backend.tests.test_iter15_botw_and_bulk_delete.TestBotwAdmin" name="test_veto_requires_admin" time="0.220" /><testcase classname="backend.tests.test_iter15_botw_and_bulk_delete.TestBotwAdmin" name="test_skip_recomputes_and_returns_candidate" time="0.255" /><testcase classname="backend.tests.test_iter15_botw_and_bulk_delete.TestBotwAdmin" name="test_skip_requires_admin" time="0.320" /><testcase classname="backend.tests.test_iter15_botw_and_bulk_delete.TestBotwAdmin" name="test_veto_with_valid_brand_succeeds" time="0.423" /><testcase classname="backend.tests.test_iter15_botw_and_bulk_delete.TestBotwAdmin" name="test_rotate_now_promotes_and_flips_botw" time="0.538" /><testcase classname="backend.tests.test_iter15_botw_and_bulk_delete.TestBotwAdmin" name="test_rotate_now_requires_admin" time="0.289" /></testsuite></testsuites>