<?xml version="1.0" encoding="utf-8"?><testsuites name="pytest tests"><testsuite name="pytest" errors="0" failures="0" skipped="0" tests="23" time="5.454" timestamp="2026-07-22T15:22:32.187117+00:00" hostname="agent-env-23b3e22f-ec1c-4568-add9-7903fc1ee2ad"><testcase classname="backend.tests.test_fixes_iter12.TestFix1ProductValidation" name="test_price_negative_422" time="0.541" /><testcase classname="backend.tests.test_fixes_iter12.TestFix1ProductValidation" name="test_price_string_422" time="0.067" /><testcase classname="backend.tests.test_fixes_iter12.TestFix1ProductValidation" name="test_stock_negative_422" time="0.093" /><testcase classname="backend.tests.test_fixes_iter12.TestFix1ProductValidation" name="test_gender_invalid_422" time="0.070" /><testcase classname="backend.tests.test_fixes_iter12.TestFix1ProductValidation" name="test_name_too_short_422" time="0.069" /><testcase classname="backend.tests.test_fixes_iter12.TestFix1ProductValidation" name="test_description_too_short_422" time="0.066" /><testcase classname="backend.tests.test_fixes_iter12.TestFix1ProductValidation" name="test_sizes_empty_422" time="0.064" /><testcase classname="backend.tests.test_fixes_iter12.TestFix1ProductValidation" name="test_images_empty_422" time="0.067" /><testcase classname="backend.tests.test_fixes_iter12.TestFix1ProductValidation" name="test_condition_invalid_422" time="0.066" /><testcase classname="backend.tests.test_fixes_iter12.TestFix1ProductValidation" name="test_put_negative_price_422" time="0.070" /><testcase classname="backend.tests.test_fixes_iter12.TestFix1ProductValidation" name="test_put_string_price_422" time="0.068" /><testcase classname="backend.tests.test_fixes_iter12.TestFix1ProductValidation" name="test_put_valid_price_200_and_persisted" time="0.141" /><testcase classname="backend.tests.test_fixes_iter12.TestFix1ProductValidation" name="test_put_by_other_brand_403" time="0.388" /><testcase classname="backend.tests.test_fixes_iter12.TestFix1ProductValidation" name="test_full_lifecycle_delete" time="0.557" /><testcase classname="backend.tests.test_fixes_iter12" name="test_fix1_referral_apply_too_short_422" time="0.430" /><testcase classname="backend.tests.test_fixes_iter12" name="test_fix1_brand_profile_desc_too_long_422" time="0.437" /><testcase classname="backend.tests.test_fixes_iter12" name="test_fix2_oversell_guard" time="1.202" /><testcase classname="backend.tests.test_fixes_iter12" name="test_fix3_register_password_too_short_422" time="0.128" /><testcase classname="backend.tests.test_fixes_iter12" name="test_fix3_register_valid_and_reset_flow" time="0.755" /><testcase classname="backend.tests.test_fixes_iter12" name="test_fix4_receipt_email_escapes" time="0.001" /><testcase classname="backend.tests.test_fixes_iter12" name="test_fix4_shipped_email_escapes" time="0.002" /><testcase classname="backend.tests.test_fixes_iter12" name="test_fix4_create_notification_escapes" time="0.003" /><testcase classname="backend.tests.test_fixes_iter12" name="test_fix4_normal_strings_pass_unchanged" time="0.001" /></testsuite></testsuites>